[1.044s] Invoking command in '/SEV_ws/src/path_recorder': PYTHONPATH=/SEV_ws/build/path_recorder/prefix_override:/usr/lib/python3/dist-packages/colcon_core/task/python/colcon_distutils_commands:/SEV_ws/install/path_recorder/lib/python3.12/site-packages: /usr/bin/python3 -W ignore:setup.py install is deprecated -W ignore:easy_install command is deprecated setup.py egg_info --egg-base ../../build/path_recorder build --build-base /SEV_ws/build/path_recorder/build install --record /SEV_ws/build/path_recorder/install.log --single-version-externally-managed install_data
[1.328s] running egg_info
[1.329s] creating ../../build/path_recorder/path_recorder.egg-info
[1.340s] writing ../../build/path_recorder/path_recorder.egg-info/PKG-INFO
[1.341s] writing dependency_links to ../../build/path_recorder/path_recorder.egg-info/dependency_links.txt
[1.343s] writing requirements to ../../build/path_recorder/path_recorder.egg-info/requires.txt
[1.344s] writing top-level names to ../../build/path_recorder/path_recorder.egg-info/top_level.txt
[1.344s] writing manifest file '../../build/path_recorder/path_recorder.egg-info/SOURCES.txt'
[1.368s] reading manifest file '../../build/path_recorder/path_recorder.egg-info/SOURCES.txt'
[1.370s] writing manifest file '../../build/path_recorder/path_recorder.egg-info/SOURCES.txt'
[1.371s] running build
[1.372s] running build_py
[1.372s] creating /SEV_ws/build/path_recorder/build
[1.373s] creating /SEV_ws/build/path_recorder/build/lib
[1.373s] creating /SEV_ws/build/path_recorder/build/lib/path_recorder
[1.374s] copying path_recorder/path_recorder_node.py -> /SEV_ws/build/path_recorder/build/lib/path_recorder
[1.375s] copying path_recorder/__init__.py -> /SEV_ws/build/path_recorder/build/lib/path_recorder
[1.376s] running install
[1.387s] running install_lib
[1.396s] creating /SEV_ws/install/path_recorder/lib/python3.12/site-packages/path_recorder
[1.396s] copying /SEV_ws/build/path_recorder/build/lib/path_recorder/path_recorder_node.py -> /SEV_ws/install/path_recorder/lib/python3.12/site-packages/path_recorder
[1.402s] copying /SEV_ws/build/path_recorder/build/lib/path_recorder/__init__.py -> /SEV_ws/install/path_recorder/lib/python3.12/site-packages/path_recorder
[1.406s] byte-compiling /SEV_ws/install/path_recorder/lib/python3.12/site-packages/path_recorder/path_recorder_node.py to path_recorder_node.cpython-312.pyc
[1.408s] byte-compiling /SEV_ws/install/path_recorder/lib/python3.12/site-packages/path_recorder/__init__.py to __init__.cpython-312.pyc
[1.409s] running install_data
[1.410s] creating /SEV_ws/install/path_recorder/share/ament_index
[1.411s] creating /SEV_ws/install/path_recorder/share/ament_index/resource_index
[1.411s] creating /SEV_ws/install/path_recorder/share/ament_index/resource_index/packages
[1.412s] copying resource/path_recorder -> /SEV_ws/install/path_recorder/share/ament_index/resource_index/packages
[1.413s] copying package.xml -> /SEV_ws/install/path_recorder/share/path_recorder
[1.418s] running install_egg_info
[1.435s] Copying ../../build/path_recorder/path_recorder.egg-info to /SEV_ws/install/path_recorder/lib/python3.12/site-packages/path_recorder-0.0.0-py3.12.egg-info
[1.448s] running install_scripts
[1.558s] writing list of installed files to '/SEV_ws/build/path_recorder/install.log'
