[0.379s] Invoking command in '/SEV_ws/build/point_cloud': /usr/bin/cmake /SEV_ws/src/point_cloud -DCMAKE_INSTALL_PREFIX=/SEV_ws/install/point_cloud
[0.663s] -- The C compiler identification is GNU 13.3.0
[0.875s] -- The CXX compiler identification is GNU 13.3.0
[0.912s] -- Detecting C compiler ABI info
[1.139s] -- Detecting C compiler ABI info - done
[1.167s] -- Check for working C compiler: /usr/bin/cc - skipped
[1.167s] -- Detecting C compile features
[1.168s] -- Detecting C compile features - done
[1.190s] -- Detecting CXX compiler ABI info
[1.439s] -- Detecting CXX compiler ABI info - done
[1.464s] -- Check for working CXX compiler: /usr/bin/c++ - skipped
[1.465s] -- Detecting CXX compile features
[1.465s] -- Detecting CXX compile features - done
[1.494s] [31mCMake Error at CMakeLists.txt:9 (find_package):
[1.495s]   By not providing "Findament_cmake.cmake" in CMAKE_MODULE_PATH this project
[1.496s]   has asked CMake to find a package configuration file provided by
[1.496s]   "ament_cmake", but CMake did not find one.
[1.497s] 
[1.497s]   Could not find a package configuration file provided by "ament_cmake" with
[1.502s]   any of the following names:
[1.504s] 
[1.505s]     ament_cmakeConfig.cmake
[1.505s]     ament_cmake-config.cmake
[1.506s] 
[1.507s]   Add the installation prefix of "ament_cmake" to CMAKE_PREFIX_PATH or set
[1.508s]   "ament_cmake_DIR" to a directory containing one of the above files.  If
[1.509s]   "ament_cmake" provides a separate development package or SDK, be sure it
[1.509s]   has been installed.
[1.510s] 
[1.510s] [0m
[1.511s] -- Configuring incomplete, errors occurred!
[1.512s] Invoked command in '/SEV_ws/build/point_cloud' returned '1': /usr/bin/cmake /SEV_ws/src/point_cloud -DCMAKE_INSTALL_PREFIX=/SEV_ws/install/point_cloud
