[0.477s] Invoking command in '/home/saath/NASA/SEV/SEV_ws/path_recorder': DEBUGINFOD_URLS=https://debuginfod.ubuntu.com PYTHONPATH=/home/saath/NASA/SEV/SEV_ws/build/path_recorder/prefix_override:/usr/lib/python3/dist-packages/colcon_core/task/python/colcon_distutils_commands:/home/saath/NASA/SEV/SEV_ws/install/path_recorder/lib/python3.12/site-packages:${PYTHONPATH} /usr/bin/python3 -W ignore:setup.py install is deprecated -W ignore:easy_install command is deprecated setup.py egg_info --egg-base ../build/path_recorder build --build-base /home/saath/NASA/SEV/SEV_ws/build/path_recorder/build install --record /home/saath/NASA/SEV/SEV_ws/build/path_recorder/install.log --single-version-externally-managed install_data
[0.627s] running egg_info
[0.639s] writing ../build/path_recorder/path_recorder.egg-info/PKG-INFO
[0.639s] writing dependency_links to ../build/path_recorder/path_recorder.egg-info/dependency_links.txt
[0.640s] writing requirements to ../build/path_recorder/path_recorder.egg-info/requires.txt
[0.640s] writing top-level names to ../build/path_recorder/path_recorder.egg-info/top_level.txt
[0.663s] reading manifest file '../build/path_recorder/path_recorder.egg-info/SOURCES.txt'
[0.663s] writing manifest file '../build/path_recorder/path_recorder.egg-info/SOURCES.txt'
[0.663s] running build
[0.663s] running build_py
[0.663s] copying path_recorder/path_recorder_node.py -> /home/saath/NASA/SEV/SEV_ws/build/path_recorder/build/lib/path_recorder
[0.663s] running install
[0.667s] running install_lib
[0.678s] copying /home/saath/NASA/SEV/SEV_ws/build/path_recorder/build/lib/path_recorder/path_recorder_node.py -> /home/saath/NASA/SEV/SEV_ws/install/path_recorder/lib/python3.12/site-packages/path_recorder
[0.678s] byte-compiling /home/saath/NASA/SEV/SEV_ws/install/path_recorder/lib/python3.12/site-packages/path_recorder/path_recorder_node.py to path_recorder_node.cpython-312.pyc
[0.679s] running install_data
[0.679s] running install_egg_info
[0.690s] removing '/home/saath/NASA/SEV/SEV_ws/install/path_recorder/lib/python3.12/site-packages/path_recorder-0.0.0-py3.12.egg-info' (and everything under it)
[0.691s] Copying ../build/path_recorder/path_recorder.egg-info to /home/saath/NASA/SEV/SEV_ws/install/path_recorder/lib/python3.12/site-packages/path_recorder-0.0.0-py3.12.egg-info
[0.691s] running install_scripts
[0.773s] writing list of installed files to '/home/saath/NASA/SEV/SEV_ws/build/path_recorder/install.log'
[0.794s] Invoked command in '/home/saath/NASA/SEV/SEV_ws/path_recorder' returned '0': DEBUGINFOD_URLS=https://debuginfod.ubuntu.com PYTHONPATH=/home/saath/NASA/SEV/SEV_ws/build/path_recorder/prefix_override:/usr/lib/python3/dist-packages/colcon_core/task/python/colcon_distutils_commands:/home/saath/NASA/SEV/SEV_ws/install/path_recorder/lib/python3.12/site-packages:${PYTHONPATH} /usr/bin/python3 -W ignore:setup.py install is deprecated -W ignore:easy_install command is deprecated setup.py egg_info --egg-base ../build/path_recorder build --build-base /home/saath/NASA/SEV/SEV_ws/build/path_recorder/build install --record /home/saath/NASA/SEV/SEV_ws/build/path_recorder/install.log --single-version-externally-managed install_data
