-- Found ament_cmake: 2.5.6 (/opt/ros/jazzy/share/ament_cmake/cmake)
-- Found Python3: /usr/bin/python3 (found version "3.12.3") found components: Interpreter 
-- Found std_msgs: 5.3.8 (/opt/ros/jazzy/share/std_msgs/cmake)
-- Found rosidl_generator_c: 4.6.9 (/opt/ros/jazzy/share/rosidl_generator_c/cmake)
-- Found rosidl_generator_cpp: 4.6.9 (/opt/ros/jazzy/share/rosidl_generator_cpp/cmake)
-- Using all available rosidl_typesupport_c: rosidl_typesupport_fastrtps_c;rosidl_typesupport_introspection_c
-- Using all available rosidl_typesupport_cpp: rosidl_typesupport_fastrtps_cpp;rosidl_typesupport_introspection_cpp
-- Found message_filters: 4.11.17 (/opt/ros/jazzy/share/message_filters/cmake)
-- Found rmw_implementation_cmake: 7.3.3 (/opt/ros/jazzy/share/rmw_implementation_cmake/cmake)
-- Found rmw_fastrtps_cpp: 8.4.4 (/opt/ros/jazzy/share/rmw_fastrtps_cpp/cmake)
-- Found OpenSSL: /usr/lib/x86_64-linux-gnu/libcrypto.so (found version "3.0.13")  
-- Found FastRTPS: /opt/ros/jazzy/include (Required is at least version "2.13") 
-- Using RMW implementation 'rmw_fastrtps_cpp' as default
-- Found tf2_ros: 0.36.21 (/opt/ros/jazzy/share/tf2_ros/cmake)
-- Found tf2_geometry_msgs: 0.36.21 (/opt/ros/jazzy/share/tf2_geometry_msgs/cmake)
-- Found eigen3_cmake_module: 0.3.1 (/opt/ros/jazzy/share/eigen3_cmake_module/cmake)
-- Found Eigen3: TRUE (found version "3.4.0") 
-- Ensuring Eigen3 include directory is part of orocos-kdl CMake target
-- Found sensor_msgs: 5.3.8 (/opt/ros/jazzy/share/sensor_msgs/cmake)
-- Found ament_lint_auto: 0.17.5 (/opt/ros/jazzy/share/ament_lint_auto/cmake)
-- Added test 'cppcheck' to perform static code analysis on C / C++ code
-- Configured cppcheck include dirs: 
-- Configured cppcheck exclude dirs and/or files: 
-- Added test 'lint_cmake' to check CMake code style
-- Added test 'uncrustify' to check C / C++ code style
-- Configured uncrustify additional arguments: 
-- Added test 'xmllint' to check XML markup files
-- Configuring done (4.7s)
-- Generating done (0.0s)
-- Build files have been written to: /SEV_ws/build/point_cloud
-- Install configuration: ""
-- Installing: /SEV_ws/install/point_cloud/share/ament_index/resource_index/package_run_dependencies/point_cloud
-- Installing: /SEV_ws/install/point_cloud/share/ament_index/resource_index/parent_prefix_path/point_cloud
-- Installing: /SEV_ws/install/point_cloud/share/point_cloud/environment/ament_prefix_path.sh
-- Installing: /SEV_ws/install/point_cloud/share/point_cloud/environment/ament_prefix_path.dsv
-- Installing: /SEV_ws/install/point_cloud/share/point_cloud/environment/path.sh
-- Installing: /SEV_ws/install/point_cloud/share/point_cloud/environment/path.dsv
-- Installing: /SEV_ws/install/point_cloud/share/point_cloud/local_setup.bash
-- Installing: /SEV_ws/install/point_cloud/share/point_cloud/local_setup.sh
-- Installing: /SEV_ws/install/point_cloud/share/point_cloud/local_setup.zsh
-- Installing: /SEV_ws/install/point_cloud/share/point_cloud/local_setup.dsv
-- Installing: /SEV_ws/install/point_cloud/share/point_cloud/package.dsv
-- Installing: /SEV_ws/install/point_cloud/share/ament_index/resource_index/packages/point_cloud
-- Installing: /SEV_ws/install/point_cloud/share/point_cloud/cmake/point_cloudConfig.cmake
-- Installing: /SEV_ws/install/point_cloud/share/point_cloud/cmake/point_cloudConfig-version.cmake
-- Installing: /SEV_ws/install/point_cloud/share/point_cloud/package.xml
