running egg_info
creating ../build/path_recorder/path_recorder.egg-info
writing ../build/path_recorder/path_recorder.egg-info/PKG-INFO
writing dependency_links to ../build/path_recorder/path_recorder.egg-info/dependency_links.txt
writing requirements to ../build/path_recorder/path_recorder.egg-info/requires.txt
writing top-level names to ../build/path_recorder/path_recorder.egg-info/top_level.txt
writing manifest file '../build/path_recorder/path_recorder.egg-info/SOURCES.txt'
reading manifest file '../build/path_recorder/path_recorder.egg-info/SOURCES.txt'
writing manifest file '../build/path_recorder/path_recorder.egg-info/SOURCES.txt'
running build
running build_py
creating /home/saath/NASA/SEV/SEV_ws/build/path_recorder/build
creating /home/saath/NASA/SEV/SEV_ws/build/path_recorder/build/lib
creating /home/saath/NASA/SEV/SEV_ws/build/path_recorder/build/lib/path_recorder
copying path_recorder/__init__.py -> /home/saath/NASA/SEV/SEV_ws/build/path_recorder/build/lib/path_recorder
running install
running install_lib
creating /home/saath/NASA/SEV/SEV_ws/install/path_recorder/lib/python3.12/site-packages/path_recorder
copying /home/saath/NASA/SEV/SEV_ws/build/path_recorder/build/lib/path_recorder/__init__.py -> /home/saath/NASA/SEV/SEV_ws/install/path_recorder/lib/python3.12/site-packages/path_recorder
byte-compiling /home/saath/NASA/SEV/SEV_ws/install/path_recorder/lib/python3.12/site-packages/path_recorder/__init__.py to __init__.cpython-312.pyc
running install_data
creating /home/saath/NASA/SEV/SEV_ws/install/path_recorder/share/ament_index
creating /home/saath/NASA/SEV/SEV_ws/install/path_recorder/share/ament_index/resource_index
creating /home/saath/NASA/SEV/SEV_ws/install/path_recorder/share/ament_index/resource_index/packages
copying resource/path_recorder -> /home/saath/NASA/SEV/SEV_ws/install/path_recorder/share/ament_index/resource_index/packages
copying package.xml -> /home/saath/NASA/SEV/SEV_ws/install/path_recorder/share/path_recorder
running install_egg_info
Copying ../build/path_recorder/path_recorder.egg-info to /home/saath/NASA/SEV/SEV_ws/install/path_recorder/lib/python3.12/site-packages/path_recorder-0.0.0-py3.12.egg-info
running install_scripts
writing list of installed files to '/home/saath/NASA/SEV/SEV_ws/build/path_recorder/install.log'
