[0.588s] Invoking command in '/home/saath/NASA/SEV/SEV_ws/path_recorder': DEBUGINFOD_URLS=https://debuginfod.ubuntu.com PYTHONPATH=/home/saath/NASA/SEV/SEV_ws/build/path_recorder/prefix_override:/usr/lib/python3/dist-packages/colcon_core/task/python/colcon_distutils_commands:/home/saath/NASA/SEV/SEV_ws/install/path_recorder/lib/python3.12/site-packages:${PYTHONPATH} /usr/bin/python3 -W ignore:setup.py install is deprecated -W ignore:easy_install command is deprecated setup.py egg_info --egg-base ../build/path_recorder build --build-base /home/saath/NASA/SEV/SEV_ws/build/path_recorder/build install --record /home/saath/NASA/SEV/SEV_ws/build/path_recorder/install.log --single-version-externally-managed install_data
[0.741s] running egg_info
[0.741s] creating ../build/path_recorder/path_recorder.egg-info
[0.752s] writing ../build/path_recorder/path_recorder.egg-info/PKG-INFO
[0.752s] writing dependency_links to ../build/path_recorder/path_recorder.egg-info/dependency_links.txt
[0.752s] writing requirements to ../build/path_recorder/path_recorder.egg-info/requires.txt
[0.752s] writing top-level names to ../build/path_recorder/path_recorder.egg-info/top_level.txt
[0.752s] writing manifest file '../build/path_recorder/path_recorder.egg-info/SOURCES.txt'
[0.773s] reading manifest file '../build/path_recorder/path_recorder.egg-info/SOURCES.txt'
[0.774s] writing manifest file '../build/path_recorder/path_recorder.egg-info/SOURCES.txt'
[0.774s] running build
[0.774s] running build_py
[0.774s] creating /home/saath/NASA/SEV/SEV_ws/build/path_recorder/build
[0.774s] creating /home/saath/NASA/SEV/SEV_ws/build/path_recorder/build/lib
[0.774s] creating /home/saath/NASA/SEV/SEV_ws/build/path_recorder/build/lib/path_recorder
[0.774s] copying path_recorder/__init__.py -> /home/saath/NASA/SEV/SEV_ws/build/path_recorder/build/lib/path_recorder
[0.774s] running install
[0.778s] running install_lib
[0.788s] creating /home/saath/NASA/SEV/SEV_ws/install/path_recorder/lib/python3.12/site-packages/path_recorder
[0.788s] copying /home/saath/NASA/SEV/SEV_ws/build/path_recorder/build/lib/path_recorder/__init__.py -> /home/saath/NASA/SEV/SEV_ws/install/path_recorder/lib/python3.12/site-packages/path_recorder
[0.789s] byte-compiling /home/saath/NASA/SEV/SEV_ws/install/path_recorder/lib/python3.12/site-packages/path_recorder/__init__.py to __init__.cpython-312.pyc
[0.789s] running install_data
[0.789s] creating /home/saath/NASA/SEV/SEV_ws/install/path_recorder/share/ament_index
[0.789s] creating /home/saath/NASA/SEV/SEV_ws/install/path_recorder/share/ament_index/resource_index
[0.789s] creating /home/saath/NASA/SEV/SEV_ws/install/path_recorder/share/ament_index/resource_index/packages
[0.789s] copying resource/path_recorder -> /home/saath/NASA/SEV/SEV_ws/install/path_recorder/share/ament_index/resource_index/packages
[0.789s] copying package.xml -> /home/saath/NASA/SEV/SEV_ws/install/path_recorder/share/path_recorder
[0.789s] running install_egg_info
[0.800s] Copying ../build/path_recorder/path_recorder.egg-info to /home/saath/NASA/SEV/SEV_ws/install/path_recorder/lib/python3.12/site-packages/path_recorder-0.0.0-py3.12.egg-info
[0.800s] running install_scripts
[0.878s] writing list of installed files to '/home/saath/NASA/SEV/SEV_ws/build/path_recorder/install.log'
[0.896s] Invoked command in '/home/saath/NASA/SEV/SEV_ws/path_recorder' returned '0': DEBUGINFOD_URLS=https://debuginfod.ubuntu.com PYTHONPATH=/home/saath/NASA/SEV/SEV_ws/build/path_recorder/prefix_override:/usr/lib/python3/dist-packages/colcon_core/task/python/colcon_distutils_commands:/home/saath/NASA/SEV/SEV_ws/install/path_recorder/lib/python3.12/site-packages:${PYTHONPATH} /usr/bin/python3 -W ignore:setup.py install is deprecated -W ignore:easy_install command is deprecated setup.py egg_info --egg-base ../build/path_recorder build --build-base /home/saath/NASA/SEV/SEV_ws/build/path_recorder/build install --record /home/saath/NASA/SEV/SEV_ws/build/path_recorder/install.log --single-version-externally-managed install_data
